<?xml version="1.0" encoding="UTF-8"?>
<!-- Generated by org.testng.reporters.JUnitReportReporter -->
<testsuite hostname="KairosHW0441" failures="0" tests="1" name="com.Orangehrm.testCases.TC_LoginTest" time="2.300" errors="0" timestamp="2023-05-15T13:55:36 IST" skipped="0">
  <testcase classname="com.Orangehrm.testCases.TC_LoginTest" name="loginTest" time="2.300"/>
  <system-out/>
</testsuite> <!-- com.Orangehrm.testCases.TC_LoginTest -->
